# JRE version: Java(TM) SE Runtime Environment (8.0_201-b09) (build 1.8.0_201-b09)
# Java VM: Java HotSpot(TM) 64-Bit Server VM (25.201-b09 mixed mode windows-amd64 compressed oops)
Heap:
 PSYoungGen      total 630272K, used 8581K [0x00000000d5f80000, 0x00000000fdf80000, 0x0000000100000000)
  eden space 621568K, 0% used [0x00000000d5f80000,0x00000000d5f80000,0x00000000fbe80000)
  from space 8704K, 98% used [0x00000000fbe80000,0x00000000fc6e1500,0x00000000fc700000)
  to   space 16896K, 0% used [0x00000000fcf00000,0x00000000fcf00000,0x00000000fdf80000)
 ParOldGen       total 96256K, used 40953K [0x0000000081e00000, 0x0000000087c00000, 0x00000000d5f80000)
  object space 96256K, 42% used [0x0000000081e00000,0x00000000845fe540,0x0000000087c00000)
 Metaspace       used 78440K, capacity 82676K, committed 82968K, reserved 1122304K
  class space    used 9743K, capacity 10450K, committed 10520K, reserved 1048576K
GC Heap History (10 events):
Event: 553.573 GC heap after
Heap after GC invocations=24 (full 7):
 PSYoungGen      total 630272K, used 8598K [0x00000000d5f80000, 0x00000000fe280000, 0x0000000100000000)
  eden space 621568K, 0% used [0x00000000d5f80000,0x00000000d5f80000,0x00000000fbe80000)
  from space 8704K, 98% used [0x00000000fbe80000,0x00000000fc6e5950,0x00000000fc700000)
  to   space 18432K, 0% used [0x00000000fd080000,0x00000000fd080000,0x00000000fe280000)
 ParOldGen       total 96256K, used 38828K [0x0000000081e00000, 0x0000000087c00000, 0x00000000d5f80000)
  object space 96256K, 40% used [0x0000000081e00000,0x00000000843eb128,0x0000000087c00000)
 Metaspace       used 74655K, capacity 78702K, committed 78872K, reserved 1118208K
  class space    used 9471K, capacity 10153K, committed 10264K, reserved 1048576K
}
Event: 553.573 GC heap before
{Heap before GC invocations=25 (full 8):
 PSYoungGen      total 630272K, used 8598K [0x00000000d5f80000, 0x00000000fe280000, 0x0000000100000000)
  eden space 621568K, 0% used [0x00000000d5f80000,0x00000000d5f80000,0x00000000fbe80000)
  from space 8704K, 98% used [0x00000000fbe80000,0x00000000fc6e5950,0x00000000fc700000)
  to   space 18432K, 0% used [0x00000000fd080000,0x00000000fd080000,0x00000000fe280000)
 ParOldGen       total 96256K, used 38828K [0x0000000081e00000, 0x0000000087c00000, 0x00000000d5f80000)
  object space 96256K, 40% used [0x0000000081e00000,0x00000000843eb128,0x0000000087c00000)
 Metaspace       used 74655K, capacity 78702K, committed 78872K, reserved 1118208K
  class space    used 9471K, capacity 10153K, committed 10264K, reserved 1048576K
Event: 553.712 GC heap after
Heap after GC invocations=25 (full 8):
 PSYoungGen      total 630272K, used 0K [0x00000000d5f80000, 0x00000000fe280000, 0x0000000100000000)
  eden space 621568K, 0% used [0x00000000d5f80000,0x00000000d5f80000,0x00000000fbe80000)
  from space 8704K, 0% used [0x00000000fbe80000,0x00000000fbe80000,0x00000000fc700000)
  to   space 18432K, 0% used [0x00000000fd080000,0x00000000fd080000,0x00000000fe280000)
 ParOldGen       total 96256K, used 39872K [0x0000000081e00000, 0x0000000087c00000, 0x00000000d5f80000)
  object space 96256K, 41% used [0x0000000081e00000,0x00000000844f03b8,0x0000000087c00000)
 Metaspace       used 74611K, capacity 78630K, committed 78872K, reserved 1118208K
  class space    used 9464K, capacity 10140K, committed 10264K, reserved 1048576K
}
Event: 567.596 GC heap before
{Heap before GC invocations=26 (full 8):
 PSYoungGen      total 630272K, used 379439K [0x00000000d5f80000, 0x00000000fe280000, 0x0000000100000000)
  eden space 621568K, 61% used [0x00000000d5f80000,0x00000000ed20bd98,0x00000000fbe80000)
  from space 8704K, 0% used [0x00000000fbe80000,0x00000000fbe80000,0x00000000fc700000)
  to   space 18432K, 0% used [0x00000000fd080000,0x00000000fd080000,0x00000000fe280000)
 ParOldGen       total 96256K, used 39872K [0x0000000081e00000, 0x0000000087c00000, 0x00000000d5f80000)
  object space 96256K, 41% used [0x0000000081e00000,0x00000000844f03b8,0x0000000087c00000)
 Metaspace       used 76459K, capacity 80656K, committed 80792K, reserved 1120256K
  class space    used 9609K, capacity 10312K, committed 10392K, reserved 1048576K
Event: 567.602 GC heap after
Heap after GC invocations=26 (full 8):
 PSYoungGen      total 638976K, used 8666K [0x00000000d5f80000, 0x00000000fe180000, 0x0000000100000000)
  eden space 621568K, 0% used [0x00000000d5f80000,0x00000000d5f80000,0x00000000fbe80000)
  from space 17408K, 49% used [0x00000000fd080000,0x00000000fd8f68f0,0x00000000fe180000)
  to   space 17920K, 0% used [0x00000000fbe80000,0x00000000fbe80000,0x00000000fd000000)
 ParOldGen       total 96256K, used 39880K [0x0000000081e00000, 0x0000000087c00000, 0x00000000d5f80000)
  object space 96256K, 41% used [0x0000000081e00000,0x00000000844f23b8,0x0000000087c00000)
 Metaspace       used 76459K, capacity 80656K, committed 80792K, reserved 1120256K
  class space    used 9609K, capacity 10312K, committed 10392K, reserved 1048576K
}
Event: 567.602 GC heap before
{Heap before GC invocations=27 (full 9):
 PSYoungGen      total 638976K, used 8666K [0x00000000d5f80000, 0x00000000fe180000, 0x0000000100000000)
  eden space 621568K, 0% used [0x00000000d5f80000,0x00000000d5f80000,0x00000000fbe80000)
  from space 17408K, 49% used [0x00000000fd080000,0x00000000fd8f68f0,0x00000000fe180000)
  to   space 17920K, 0% used [0x00000000fbe80000,0x00000000fbe80000,0x00000000fd000000)
 ParOldGen       total 96256K, used 39880K [0x0000000081e00000, 0x0000000087c00000, 0x00000000d5f80000)
  object space 96256K, 41% used [0x0000000081e00000,0x00000000844f23b8,0x0000000087c00000)
 Metaspace       used 76459K, capacity 80656K, committed 80792K, reserved 1120256K
  class space    used 9609K, capacity 10312K, committed 10392K, reserved 1048576K
Event: 567.847 GC heap after
Heap after GC invocations=27 (full 9):
 PSYoungGen      total 638976K, used 0K [0x00000000d5f80000, 0x00000000fe180000, 0x0000000100000000)
  eden space 621568K, 0% used [0x00000000d5f80000,0x00000000d5f80000,0x00000000fbe80000)
  from space 17408K, 0% used [0x00000000fd080000,0x00000000fd080000,0x00000000fe180000)
  to   space 17920K, 0% used [0x00000000fbe80000,0x00000000fbe80000,0x00000000fd000000)
 ParOldGen       total 96256K, used 40945K [0x0000000081e00000, 0x0000000087c00000, 0x00000000d5f80000)
  object space 96256K, 42% used [0x0000000081e00000,0x00000000845fc540,0x0000000087c00000)
 Metaspace       used 76415K, capacity 80584K, committed 80792K, reserved 1120256K
  class space    used 9603K, capacity 10299K, committed 10392K, reserved 1048576K
}
Event: 571.551 GC heap before
{Heap before GC invocations=28 (full 9):
 PSYoungGen      total 638976K, used 380581K [0x00000000d5f80000, 0x00000000fe180000, 0x0000000100000000)
  eden space 621568K, 61% used [0x00000000d5f80000,0x00000000ed3294a0,0x00000000fbe80000)
  from space 17408K, 0% used [0x00000000fd080000,0x00000000fd080000,0x00000000fe180000)
  to   space 17920K, 0% used [0x00000000fbe80000,0x00000000fbe80000,0x00000000fd000000)
 ParOldGen       total 96256K, used 40945K [0x0000000081e00000, 0x0000000087c00000, 0x00000000d5f80000)
  object space 96256K, 42% used [0x0000000081e00000,0x00000000845fc540,0x0000000087c00000)
 Metaspace       used 78440K, capacity 82676K, committed 82968K, reserved 1122304K
  class space    used 9743K, capacity 10450K, committed 10520K, reserved 1048576K
Event: 571.556 GC heap after
Heap after GC invocations=28 (full 9):
 PSYoungGen      total 630272K, used 8581K [0x00000000d5f80000, 0x00000000fdf80000, 0x0000000100000000)
  eden space 621568K, 0% used [0x00000000d5f80000,0x00000000d5f80000,0x00000000fbe80000)
  from space 8704K, 98% used [0x00000000fbe80000,0x00000000fc6e1500,0x00000000fc700000)
  to   space 16896K, 0% used [0x00000000fcf00000,0x00000000fcf00000,0x00000000fdf80000)
 ParOldGen       total 96256K, used 40953K [0x0000000081e00000, 0x0000000087c00000, 0x00000000d5f80000)
  object space 96256K, 42% used [0x0000000081e00000,0x00000000845fe540,0x0000000087c00000)
 Metaspace       used 78440K, capacity 82676K, committed 82968K, reserved 1122304K
  class space    used 9743K, capacity 10450K, committed 10520K, reserved 1048576K
}
Event: 571.557 GC heap before
{Heap before GC invocations=29 (full 10):
 PSYoungGen      total 630272K, used 8581K [0x00000000d5f80000, 0x00000000fdf80000, 0x0000000100000000)
  eden space 621568K, 0% used [0x00000000d5f80000,0x00000000d5f80000,0x00000000fbe80000)
  from space 8704K, 98% used [0x00000000fbe80000,0x00000000fc6e1500,0x00000000fc700000)
  to   space 16896K, 0% used [0x00000000fcf00000,0x00000000fcf00000,0x00000000fdf80000)
 ParOldGen       total 96256K, used 40953K [0x0000000081e00000, 0x0000000087c00000, 0x00000000d5f80000)
  object space 96256K, 42% used [0x0000000081e00000,0x00000000845fe540,0x0000000087c00000)
 Metaspace       used 78440K, capacity 82676K, committed 82968K, reserved 1122304K
  class space    used 9743K, capacity 10450K, committed 10520K, reserved 1048576K

